生成启动时间为 2015/9/28 16:26:23。
     1>项目“D:\Programming\BNAplatform\BNAPlatform-weighted-network-win64-cuda7.0-20150413\src\CUEC\CUEC.vcxproj”在节点 2 上(Build 个目标)。
     1>C:\Program Files (x86)\MSBuild\Microsoft.Cpp\v4.0\V110\Microsoft.CppBuild.targets(346,5): warning MSB8004: Output Directory does not end with a trailing slash.  This build instance will add the slash as it is required to allow proper evaluation of the Output Directory.
     1>Link:
         C:\Program Files (x86)\Microsoft Visual Studio 11.0\VC\bin\x86_amd64\link.exe /ERRORREPORT:PROMPT /OUT:"..\..\bin\CUEC.exe" /NOLOGO /LIBPATH:"C:\Program Files\NVIDIA GPU Computing Toolkit\CUDA\v7.0\lib\x64" cudart.lib kernel32.lib user32.lib gdi32.lib winspool.lib comdlg32.lib advapi32.lib shell32.lib ole32.lib oleaut32.lib uuid.lib odbc32.lib odbccp32.lib kernel32.lib user32.lib gdi32.lib winspool.lib comdlg32.lib advapi32.lib shell32.lib ole32.lib oleaut32.lib uuid.lib odbc32.lib odbccp32.lib /MANIFEST /MANIFESTUAC:"level='asInvoker' uiAccess='false'" /manifest:embed /DEBUG /PDB:"..\..\bin\CUEC.pdb" /SUBSYSTEM:CONSOLE /OPT:REF /OPT:ICF /LTCG /TLBID:1 /DYNAMICBASE /NXCOMPAT /IMPLIB:"..\..\bin\CUEC.lib" /MACHINE:X64 "x64\Release\weighted-net.cu.obj"
         x64\Release\Timer.obj
         正在生成代码
         已完成代码的生成
         CUEC.vcxproj -> D:\Programming\BNAplatform\BNAPlatform-weighted-network-win64-cuda7.0-20150413\src\CUEC\..\..\bin\CUEC.exe
       PostBuildEvent:
         echo copy "C:\Program Files\NVIDIA GPU Computing Toolkit\CUDA\v7.0\bin\cudart*.dll" "..\..\bin\"
         copy "C:\Program Files\NVIDIA GPU Computing Toolkit\CUDA\v7.0\bin\cudart*.dll" "..\..\bin\"
         :VCEnd
         copy "C:\Program Files\NVIDIA GPU Computing Toolkit\CUDA\v7.0\bin\cudart*.dll" "..\..\bin\"
         C:\Program Files\NVIDIA GPU Computing Toolkit\CUDA\v7.0\bin\cudart32_70.dll
         C:\Program Files\NVIDIA GPU Computing Toolkit\CUDA\v7.0\bin\cudart64_70.dll
         已复制         2 个文件。
     1>已完成生成项目“D:\Programming\BNAplatform\BNAPlatform-weighted-network-win64-cuda7.0-20150413\src\CUEC\CUEC.vcxproj”(Build 个目标)的操作。

生成成功。

已用时间 00:00:00.94
