C:\YUDULI\BNAPLATFORM-WEIGHTED-NETWORK-WIN64-CUDA7.0-20150413\SRC\LP\CUBFW_LP\CUBFW_LP\X64\RELEASE\TIMER.OBJ
C:\YUDULI\BNAPLATFORM-WEIGHTED-NETWORK-WIN64-CUDA7.0-20150413\SRC\LP\CUBFW_LP\CUBFW_LP\X64\RELEASE\MYTIMER.OBJ
C:\YUDULI\BNAPLATFORM-WEIGHTED-NETWORK-WIN64-CUDA7.0-20150413\SRC\LP\CUBFW_LP\CUBFW_LP\X64\RELEASE\MASLOV.OBJ
C:\YUDULI\BNAPLATFORM-WEIGHTED-NETWORK-WIN64-CUDA7.0-20150413\SRC\LP\CUBFW_LP\CUBFW_LP\X64\RELEASE\FORMBLOCK.OBJ
C:\YUDULI\BNAPLATFORM-WEIGHTED-NETWORK-WIN64-CUDA7.0-20150413\SRC\LP\CUBFW_LP\CUBFW_LP\X64\RELEASE\CUBFW_LP_MAIN.OBJ
C:\YUDULI\BNAPLATFORM-WEIGHTED-NETWORK-WIN64-CUDA7.0-20150413\SRC\LP\CUBFW_LP\CUBFW_LP\X64\RELEASE\CUBFW_LP.OBJ
C:\YUDULI\BNAPLATFORM-WEIGHTED-NETWORK-WIN64-CUDA7.0-20150413\SRC\LP\CUBFW_LP\CUBFW_LP\X64\RELEASE\CUBFW.OBJ
C:\YUDULI\BNAPLATFORM-WEIGHTED-NETWORK-WIN64-CUDA7.0-20150413\SRC\LP\CUBFW_LP\CUBFW_LP\X64\RELEASE\BFW.OBJ
C:\YUDULI\BNAPLATFORM-WEIGHTED-NETWORK-WIN64-CUDA7.0-20150413\SRC\LP\CUBFW_LP\CUBFW_LP\X64\RELEASE\APSP_BFS.OBJ
C:\YUDULI\BNAPLATFORM-WEIGHTED-NETWORK-WIN64-CUDA7.0-20150413\SRC\LP\CUBFW_LP\CUBFW_LP\X64\RELEASE\VC110.PDB
C:\YUDULI\BNAPLATFORM-WEIGHTED-NETWORK-WIN64-CUDA7.0-20150413\SRC\LP\CUBFW_LP\CUBFW_LP\X64\RELEASE\CUBFW_LP.EXE
C:\YUDULI\BNAPLATFORM-WEIGHTED-NETWORK-WIN64-CUDA7.0-20150413\SRC\LP\CUBFW_LP\CUBFW_LP\X64\RELEASE\CUBFW_LP.PDB
C:\YuduLi\BNAPlatform-weighted-network-win64-cuda7.0-20150413\src\Lp\CUBFW_Lp\CUBFW_Lp\x64\Release\CUBFW_ph1.cu.cache
C:\YuduLi\BNAPlatform-weighted-network-win64-cuda7.0-20150413\src\Lp\CUBFW_Lp\CUBFW_Lp\x64\Release\CUBFW_ph2.cu.cache
C:\YuduLi\BNAPlatform-weighted-network-win64-cuda7.0-20150413\src\Lp\CUBFW_Lp\CUBFW_Lp\x64\Release\CUBFW_ph3.cu.cache
C:\YuduLi\BNAPlatform-weighted-network-win64-cuda7.0-20150413\src\Lp\CUBFW_Lp\CUBFW_Lp\x64\Release\cuTranspose.cu.cache
C:\YuduLi\BNAPlatform-weighted-network-win64-cuda7.0-20150413\src\Lp\CUBFW_Lp\CUBFW_Lp\x64\Release\APSP_BFS.obj
C:\YuduLi\BNAPlatform-weighted-network-win64-cuda7.0-20150413\src\Lp\CUBFW_Lp\CUBFW_Lp\x64\Release\BFW.obj
C:\YuduLi\BNAPlatform-weighted-network-win64-cuda7.0-20150413\src\Lp\CUBFW_Lp\CUBFW_Lp\x64\Release\CUBFW.obj
C:\YuduLi\BNAPlatform-weighted-network-win64-cuda7.0-20150413\src\Lp\CUBFW_Lp\CUBFW_Lp\x64\Release\CUBFW_Lp.obj
C:\YuduLi\BNAPlatform-weighted-network-win64-cuda7.0-20150413\src\Lp\CUBFW_Lp\CUBFW_Lp\x64\Release\CUBFW_Lp_main.obj
C:\YuduLi\BNAPlatform-weighted-network-win64-cuda7.0-20150413\src\Lp\CUBFW_Lp\CUBFW_Lp\x64\Release\CUBFW_ph1.cu.obj
C:\YuduLi\BNAPlatform-weighted-network-win64-cuda7.0-20150413\src\Lp\CUBFW_Lp\CUBFW_Lp\x64\Release\CUBFW_ph2.cu.obj
C:\YuduLi\BNAPlatform-weighted-network-win64-cuda7.0-20150413\src\Lp\CUBFW_Lp\CUBFW_Lp\x64\Release\CUBFW_ph3.cu.obj
C:\YuduLi\BNAPlatform-weighted-network-win64-cuda7.0-20150413\src\Lp\CUBFW_Lp\CUBFW_Lp\x64\Release\cuTranspose.cu.obj
C:\YuduLi\BNAPlatform-weighted-network-win64-cuda7.0-20150413\src\Lp\CUBFW_Lp\CUBFW_Lp\x64\Release\FormBlock.obj
C:\YuduLi\BNAPlatform-weighted-network-win64-cuda7.0-20150413\src\Lp\CUBFW_Lp\CUBFW_Lp\x64\Release\Maslov.obj
C:\YuduLi\BNAPlatform-weighted-network-win64-cuda7.0-20150413\src\Lp\CUBFW_Lp\CUBFW_Lp\x64\Release\mytimer.obj
C:\YuduLi\BNAPlatform-weighted-network-win64-cuda7.0-20150413\src\Lp\CUBFW_Lp\CUBFW_Lp\x64\Release\Timer.obj
C:\YuduLi\BNAPlatform-weighted-network-win64-cuda7.0-20150413\src\Lp\CUBFW_Lp\CUBFW_Lp\x64\Release\cl.command.1.tlog
C:\YuduLi\BNAPlatform-weighted-network-win64-cuda7.0-20150413\src\Lp\CUBFW_Lp\CUBFW_Lp\x64\Release\CL.read.1.tlog
C:\YuduLi\BNAPlatform-weighted-network-win64-cuda7.0-20150413\src\Lp\CUBFW_Lp\CUBFW_Lp\x64\Release\CL.write.1.tlog
C:\YuduLi\BNAPlatform-weighted-network-win64-cuda7.0-20150413\src\Lp\CUBFW_Lp\CUBFW_Lp\x64\Release\link-cvtres.read.1.tlog
C:\YuduLi\BNAPlatform-weighted-network-win64-cuda7.0-20150413\src\Lp\CUBFW_Lp\CUBFW_Lp\x64\Release\link-cvtres.write.1.tlog
C:\YuduLi\BNAPlatform-weighted-network-win64-cuda7.0-20150413\src\Lp\CUBFW_Lp\CUBFW_Lp\x64\Release\link-rc.read.1.tlog
C:\YuduLi\BNAPlatform-weighted-network-win64-cuda7.0-20150413\src\Lp\CUBFW_Lp\CUBFW_Lp\x64\Release\link-rc.write.1.tlog
C:\YuduLi\BNAPlatform-weighted-network-win64-cuda7.0-20150413\src\Lp\CUBFW_Lp\CUBFW_Lp\x64\Release\link.command.1.tlog
C:\YuduLi\BNAPlatform-weighted-network-win64-cuda7.0-20150413\src\Lp\CUBFW_Lp\CUBFW_Lp\x64\Release\link.read.1.tlog
C:\YuduLi\BNAPlatform-weighted-network-win64-cuda7.0-20150413\src\Lp\CUBFW_Lp\CUBFW_Lp\x64\Release\link.write.1.tlog
C:\YuduLi\BNAPlatform-weighted-network-win64-cuda7.0-20150413\src\Lp\CUBFW_Lp\CUBFW_Lp\x64\Release\CUBFW_Lp.pdb
C:\YuduLi\BNAPlatform-weighted-network-win64-cuda7.0-20150413\src\Lp\CUBFW_Lp\CUBFW_Lp\x64\Release\vc110.pdb
