生成启动时间为 2016/5/26 15:57:22。
     1>项目“D:\Programming\BNAplatform\BNAPlatform-weighted-network-win64-cuda7.0-20150413\src\Louvain_Modularity\Louvain_Modularity\Louvain_Modularity.vcxproj”在节点 2 上(Build 个目标)。
     1>C:\Program Files (x86)\MSBuild\Microsoft.Cpp\v4.0\V110\Microsoft.CppBuild.targets(346,5): warning MSB8004: Output Directory does not end with a trailing slash.  This build instance will add the slash as it is required to allow proper evaluation of the Output Directory.
     1>ClCompile:
         C:\Program Files (x86)\Microsoft Visual Studio 11.0\VC\bin\x86_amd64\CL.exe /c /I..\..\common /Zi /nologo /W3 /WX- /Od /D _MBCS /Gm /EHsc /RTC1 /MDd /GS /fp:precise /Zc:wchar_t /Zc:forScope /Fo"x64\Debug\\" /Fd"x64\Debug\vc110.pdb" /Gd /TP /errorReport:prompt L_Modularity_CPU.cpp
         L_Modularity_CPU.cpp
     1>L_Modularity_CPU.cpp(114): warning C4244: “=”: 从“double”转换到“real_t”，可能丢失数据
     1>L_Modularity_CPU.cpp(152): warning C4244: “参数”: 从“__int64”转换到“int”，可能丢失数据
     1>L_Modularity_CPU.cpp(180): warning C4244: “参数”: 从“__int64”转换到“int”，可能丢失数据
     1>L_Modularity_CPU.cpp(206): warning C4244: “参数”: 从“__int64”转换到“int”，可能丢失数据
     1>L_Modularity_CPU.cpp(475): warning C4244: “参数”: 从“__int64”转换到“int”，可能丢失数据
     1>L_Modularity_CPU.cpp(503): warning C4244: “参数”: 从“__int64”转换到“int”，可能丢失数据
     1>L_Modularity_CPU.cpp(534): warning C4244: “参数”: 从“__int64”转换到“int”，可能丢失数据
     1>L_Modularity_CPU.cpp(612): warning C4244: “=”: 从“__int64”转换到“int”，可能丢失数据
     1>L_Modularity_CPU.cpp(648): warning C4244: “=”: 从“__int64”转换到“int”，可能丢失数据
     1>L_Modularity_CPU.cpp(828): warning C4244: “参数”: 从“__int64”转换到“int”，可能丢失数据
       Link:
         C:\Program Files (x86)\Microsoft Visual Studio 11.0\VC\bin\x86_amd64\link.exe /ERRORREPORT:PROMPT /OUT:"..\..\..\bin\Louvain_Modularity.exe" /INCREMENTAL /NOLOGO kernel32.lib user32.lib gdi32.lib winspool.lib comdlg32.lib advapi32.lib shell32.lib ole32.lib oleaut32.lib uuid.lib odbc32.lib odbccp32.lib /MANIFEST /MANIFESTUAC:"level='asInvoker' uiAccess='false'" /manifest:embed /DEBUG /PDB:"..\..\..\bin\Louvain_Modularity.pdb" /TLBID:1 /DYNAMICBASE /NXCOMPAT /IMPLIB:"..\..\..\bin\Louvain_Modularity.lib" /MACHINE:X64 x64\Debug\L_Modularity_CPU.obj
         x64\Debug\Maslov.obj
         x64\Debug\Timer.obj
         Louvain_Modularity.vcxproj -> D:\Programming\BNAplatform\BNAPlatform-weighted-network-win64-cuda7.0-20150413\src\Louvain_Modularity\Louvain_Modularity\..\..\..\bin\Louvain_Modularity.exe
     1>已完成生成项目“D:\Programming\BNAplatform\BNAPlatform-weighted-network-win64-cuda7.0-20150413\src\Louvain_Modularity\Louvain_Modularity\Louvain_Modularity.vcxproj”(Build 个目标)的操作。

生成成功。

已用时间 00:00:02.54
