D:\PROGRAMMING\BNAPLATFORM\BNAPLATFORM-WEIGHTED-NETWORK-WIN64-CUDA7.0-20150413\SRC\NEWMAN_MODULARITY\X64\RELEASE\TIMER.OBJ
D:\PROGRAMMING\BNAPLATFORM\BNAPLATFORM-WEIGHTED-NETWORK-WIN64-CUDA7.0-20150413\SRC\NEWMAN_MODULARITY\X64\RELEASE\MODULARITY_MAIN.OBJ
D:\PROGRAMMING\BNAPLATFORM\BNAPLATFORM-WEIGHTED-NETWORK-WIN64-CUDA7.0-20150413\SRC\NEWMAN_MODULARITY\X64\RELEASE\MASLOV.OBJ
D:\PROGRAMMING\BNAPLATFORM\BNAPLATFORM-WEIGHTED-NETWORK-WIN64-CUDA7.0-20150413\SRC\NEWMAN_MODULARITY\X64\RELEASE\VC110.PDB
D:\PROGRAMMING\BNAPLATFORM\BNAPLATFORM-WEIGHTED-NETWORK-WIN64-CUDA7.0-20150413\SRC\NEWMAN_MODULARITY\X64\RELEASE\MODULARITY_CPU.OBJ
D:\PROGRAMMING\BNAPLATFORM\BNAPLATFORM-WEIGHTED-NETWORK-WIN64-CUDA7.0-20150413\SRC\X64\RELEASE\NEWMAN_MODULARITY.EXE
D:\PROGRAMMING\BNAPLATFORM\BNAPLATFORM-WEIGHTED-NETWORK-WIN64-CUDA7.0-20150413\SRC\X64\RELEASE\NEWMAN_MODULARITY.PDB
D:\Programming\BNAplatform\BNAPlatform-weighted-network-win64-cuda7.0-20150413\src\Newman_Modularity\x64\Release\modularity_GPU.cu.cache
D:\Programming\BNAplatform\BNAPlatform-weighted-network-win64-cuda7.0-20150413\src\Newman_Modularity\x64\Release\Maslov.obj
D:\Programming\BNAplatform\BNAPlatform-weighted-network-win64-cuda7.0-20150413\src\Newman_Modularity\x64\Release\Modularity_CPU.obj
D:\Programming\BNAplatform\BNAPlatform-weighted-network-win64-cuda7.0-20150413\src\Newman_Modularity\x64\Release\modularity_GPU.cu.obj
D:\Programming\BNAplatform\BNAPlatform-weighted-network-win64-cuda7.0-20150413\src\Newman_Modularity\x64\Release\Modularity_main.obj
D:\Programming\BNAplatform\BNAPlatform-weighted-network-win64-cuda7.0-20150413\src\Newman_Modularity\x64\Release\Timer.obj
D:\Programming\BNAplatform\BNAPlatform-weighted-network-win64-cuda7.0-20150413\src\Newman_Modularity\x64\Release\cl.command.1.tlog
D:\Programming\BNAplatform\BNAPlatform-weighted-network-win64-cuda7.0-20150413\src\Newman_Modularity\x64\Release\CL.read.1.tlog
D:\Programming\BNAplatform\BNAPlatform-weighted-network-win64-cuda7.0-20150413\src\Newman_Modularity\x64\Release\CL.write.1.tlog
D:\Programming\BNAplatform\BNAPlatform-weighted-network-win64-cuda7.0-20150413\src\Newman_Modularity\x64\Release\link-cvtres.read.1.tlog
D:\Programming\BNAplatform\BNAPlatform-weighted-network-win64-cuda7.0-20150413\src\Newman_Modularity\x64\Release\link-cvtres.write.1.tlog
D:\Programming\BNAplatform\BNAPlatform-weighted-network-win64-cuda7.0-20150413\src\Newman_Modularity\x64\Release\link-rc.read.1.tlog
D:\Programming\BNAplatform\BNAPlatform-weighted-network-win64-cuda7.0-20150413\src\Newman_Modularity\x64\Release\link-rc.write.1.tlog
D:\Programming\BNAplatform\BNAPlatform-weighted-network-win64-cuda7.0-20150413\src\Newman_Modularity\x64\Release\link.command.1.tlog
D:\Programming\BNAplatform\BNAPlatform-weighted-network-win64-cuda7.0-20150413\src\Newman_Modularity\x64\Release\link.read.1.tlog
D:\Programming\BNAplatform\BNAPlatform-weighted-network-win64-cuda7.0-20150413\src\Newman_Modularity\x64\Release\link.write.1.tlog
D:\Programming\BNAplatform\BNAPlatform-weighted-network-win64-cuda7.0-20150413\src\Newman_Modularity\x64\Release\vc110.pdb
D:\Programming\BNAplatform\BNAPlatform-weighted-network-win64-cuda7.0-20150413\src\x64\Release\Newman_Modularity.pdb
D:\Programming\BNAplatform\BNAPlatform-weighted-network-win64-cuda7.0-20150413\src\x64\Release\Newman_Modularity.exe
