C:\YUDULI\BNAPLATFORM-WEIGHTED-NETWORK-WIN64-CUDA7.0-20150413\SRC\CP_GPU\CUCP\X64\RELEASE\MASLOV.OBJ
C:\YUDULI\BNAPLATFORM-WEIGHTED-NETWORK-WIN64-CUDA7.0-20150413\SRC\CP_GPU\CUCP\X64\RELEASE\CP_MAIN.OBJ
C:\YUDULI\BNAPLATFORM-WEIGHTED-NETWORK-WIN64-CUDA7.0-20150413\SRC\CP_GPU\CUCP\X64\RELEASE\CP.OBJ
C:\YUDULI\BNAPLATFORM-WEIGHTED-NETWORK-WIN64-CUDA7.0-20150413\SRC\CP_GPU\CUCP\X64\RELEASE\VC110.PDB
C:\YUDULI\BNAPLATFORM-WEIGHTED-NETWORK-WIN64-CUDA7.0-20150413\SRC\CP_GPU\CUCP\X64\RELEASE\TIMER.OBJ
C:\YUDULI\BNAPLATFORM-WEIGHTED-NETWORK-WIN64-CUDA7.0-20150413\SRC\CP_GPU\,,\,,\BIN\CUCP.EXE
C:\YUDULI\BNAPLATFORM-WEIGHTED-NETWORK-WIN64-CUDA7.0-20150413\SRC\CP_GPU\,,\,,\BIN\CUCP.PDB
C:\YuduLi\BNAPlatform-weighted-network-win64-cuda7.0-20150413\src\Cp_GPU\CUCP\x64\Release\Cp.cu.cache
C:\YuduLi\BNAPlatform-weighted-network-win64-cuda7.0-20150413\src\Cp_GPU\CUCP\x64\Release\Cp.cu.obj
C:\YuduLi\BNAPlatform-weighted-network-win64-cuda7.0-20150413\src\Cp_GPU\CUCP\x64\Release\Cp.obj
C:\YuduLi\BNAPlatform-weighted-network-win64-cuda7.0-20150413\src\Cp_GPU\CUCP\x64\Release\Cp_main.obj
C:\YuduLi\BNAPlatform-weighted-network-win64-cuda7.0-20150413\src\Cp_GPU\CUCP\x64\Release\Maslov.obj
C:\YuduLi\BNAPlatform-weighted-network-win64-cuda7.0-20150413\src\Cp_GPU\CUCP\x64\Release\Timer.obj
C:\YuduLi\BNAPlatform-weighted-network-win64-cuda7.0-20150413\src\Cp_GPU\CUCP\x64\Release\cl.command.1.tlog
C:\YuduLi\BNAPlatform-weighted-network-win64-cuda7.0-20150413\src\Cp_GPU\CUCP\x64\Release\CL.read.1.tlog
C:\YuduLi\BNAPlatform-weighted-network-win64-cuda7.0-20150413\src\Cp_GPU\CUCP\x64\Release\CL.write.1.tlog
C:\YuduLi\BNAPlatform-weighted-network-win64-cuda7.0-20150413\src\Cp_GPU\CUCP\x64\Release\link-cvtres.read.1.tlog
C:\YuduLi\BNAPlatform-weighted-network-win64-cuda7.0-20150413\src\Cp_GPU\CUCP\x64\Release\link-cvtres.write.1.tlog
C:\YuduLi\BNAPlatform-weighted-network-win64-cuda7.0-20150413\src\Cp_GPU\CUCP\x64\Release\link-rc.read.1.tlog
C:\YuduLi\BNAPlatform-weighted-network-win64-cuda7.0-20150413\src\Cp_GPU\CUCP\x64\Release\link-rc.write.1.tlog
C:\YuduLi\BNAPlatform-weighted-network-win64-cuda7.0-20150413\src\Cp_GPU\CUCP\x64\Release\link.command.1.tlog
C:\YuduLi\BNAPlatform-weighted-network-win64-cuda7.0-20150413\src\Cp_GPU\CUCP\x64\Release\link.read.1.tlog
C:\YuduLi\BNAPlatform-weighted-network-win64-cuda7.0-20150413\src\Cp_GPU\CUCP\x64\Release\link.write.1.tlog
C:\YuduLi\BNAPlatform-weighted-network-win64-cuda7.0-20150413\src\Cp_GPU\CUCP\x64\Release\vc110.pdb
C:\YuduLi\BNAPlatform-weighted-network-win64-cuda7.0-20150413\src\Cp_GPU\CUCP\..\,,\,,\bin\CUCP.exe
